<?xml version="1.0" encoding="UTF-8"?>
<!-- Generated by org.testng.reporters.JUnitReportReporter -->
<testsuite hostname="DESKTOP-GN0KS5C" failures="0" tests="1" name="org.example.FirstTestCase" time="0.027" errors="0" timestamp="21 Mar 2025 15:07:27 GMT">
  <testcase classname="org.example.FirstTestCase" name="verifyTitle" time="0.027"/>
</testsuite> <!-- org.example.FirstTestCase -->
